mode: set
github.com/jany/blog/client/service/blog.go:27.67,32.2 1 0
github.com/jany/blog/client/service/blog.go:34.96,46.16 4 1
github.com/jany/blog/client/service/blog.go:46.16,49.3 2 0
github.com/jany/blog/client/service/blog.go:51.2,54.41 4 1
github.com/jany/blog/client/service/blog.go:57.86,63.16 4 1
github.com/jany/blog/client/service/blog.go:63.16,66.3 2 1
github.com/jany/blog/client/service/blog.go:67.2,76.8 3 1
github.com/jany/blog/client/service/blog.go:79.96,83.33 3 1
github.com/jany/blog/client/service/blog.go:83.33,86.3 2 0
github.com/jany/blog/client/service/blog.go:88.2,96.16 2 1
github.com/jany/blog/client/service/blog.go:96.16,99.3 2 1
github.com/jany/blog/client/service/blog.go:101.2,110.8 3 1
github.com/jany/blog/client/service/blog.go:113.83,119.16 4 1
github.com/jany/blog/client/service/blog.go:119.16,122.3 2 1
github.com/jany/blog/client/service/blog.go:123.2,124.25 2 1
github.com/jany/blog/server/blog/blog.go:21.46,26.2 1 1
github.com/jany/blog/server/blog/blog.go:28.91,39.2 7 1
github.com/jany/blog/server/blog/blog.go:41.85,53.43 6 1
github.com/jany/blog/server/blog/blog.go:53.43,56.3 2 1
github.com/jany/blog/server/blog/blog.go:57.2,57.18 1 1
github.com/jany/blog/server/blog/blog.go:60.91,72.45 6 1
github.com/jany/blog/server/blog/blog.go:72.45,75.3 2 1
github.com/jany/blog/server/blog/blog.go:77.2,80.18 3 1
github.com/jany/blog/server/blog/blog.go:83.97,90.41 5 1
github.com/jany/blog/server/blog/blog.go:90.41,93.3 2 1
github.com/jany/blog/server/blog/blog.go:94.2,95.54 2 1
github.com/jany/blog/server/blog/server.go:13.20,16.16 3 0
github.com/jany/blog/server/blog/server.go:16.16,18.3 1 0
github.com/jany/blog/server/blog/server.go:19.2,24.44 5 0
github.com/jany/blog/server/blog/server.go:24.44,27.3 2 0
